[27/04/2021 09:14:16] power_data_processing_main.py: Iniciando programa principal.
[27/04/2021 09:14:16] power_data_processing_main.py: Procesando el gráfico 20210412_temp.png.
[27/04/2021 09:14:16] power_data_plot_tools.py: Comenzando la preparación del gráfico /home/augusto/power-data/data/A2021/M04/D12/20210412_temp.png.
[27/04/2021 09:14:17] power_data_plot_tools.py: El gráfico /home/augusto/power-data/data/A2021/M04/D12/20210412_temp.png ha sido procesado.
[27/04/2021 09:14:17] power_data_processing_main.py: Procesando el gráfico 20210412_power.png.
[27/04/2021 09:14:17] power_data_plot_tools.py: Comenzando la preparación del gráfico /home/augusto/power-data/data/A2021/M04/D12/20210412_power.png.
[27/04/2021 09:14:18] power_data_plot_tools.py: El gráfico /home/augusto/power-data/data/A2021/M04/D12/20210412_power.png ha sido procesado.
[27/04/2021 09:14:18] power_data_processing_main.py: Procesando el gráfico 20210412_current.png.
[27/04/2021 09:14:18] power_data_plot_tools.py: Comenzando la preparación del gráfico /home/augusto/power-data/data/A2021/M04/D12/20210412_current.png.
[27/04/2021 09:14:19] power_data_plot_tools.py: El gráfico /home/augusto/power-data/data/A2021/M04/D12/20210412_current.png ha sido procesado.
[27/04/2021 09:14:19] power_data_processing_main.py: Procesando el gráfico 20210412_voltage.png.
[27/04/2021 09:14:19] power_data_plot_tools.py: Comenzando la preparación del gráfico /home/augusto/power-data/data/A2021/M04/D12/20210412_voltage.png.
[27/04/2021 09:14:20] power_data_plot_tools.py: El gráfico /home/augusto/power-data/data/A2021/M04/D12/20210412_voltage.png ha sido procesado.
[27/04/2021 09:14:20] power_data_processing_main.py: Procesando el gráfico 20210413_temp.png.
[27/04/2021 09:14:20] power_data_plot_tools.py: Comenzando la preparación del gráfico /home/augusto/power-data/data/A2021/M04/D13/20210413_temp.png.
[27/04/2021 09:14:21] power_data_plot_tools.py: El gráfico /home/augusto/power-data/data/A2021/M04/D13/20210413_temp.png ha sido procesado.
[27/04/2021 09:14:21] power_data_processing_main.py: Procesando el gráfico 20210413_power.png.
[27/04/2021 09:14:21] power_data_plot_tools.py: Comenzando la preparación del gráfico /home/augusto/power-data/data/A2021/M04/D13/20210413_power.png.
[27/04/2021 09:14:23] power_data_plot_tools.py: El gráfico /home/augusto/power-data/data/A2021/M04/D13/20210413_power.png ha sido procesado.
[27/04/2021 09:14:23] power_data_processing_main.py: Procesando el gráfico 20210413_current.png.
[27/04/2021 09:14:23] power_data_plot_tools.py: Comenzando la preparación del gráfico /home/augusto/power-data/data/A2021/M04/D13/20210413_current.png.
[27/04/2021 09:14:24] power_data_plot_tools.py: El gráfico /home/augusto/power-data/data/A2021/M04/D13/20210413_current.png ha sido procesado.
[27/04/2021 09:14:24] power_data_processing_main.py: Procesando el gráfico 20210413_voltage.png.
[27/04/2021 09:14:24] power_data_plot_tools.py: Comenzando la preparación del gráfico /home/augusto/power-data/data/A2021/M04/D13/20210413_voltage.png.
[27/04/2021 09:14:25] power_data_plot_tools.py: El gráfico /home/augusto/power-data/data/A2021/M04/D13/20210413_voltage.png ha sido procesado.
[27/04/2021 09:14:25] power_data_processing_main.py: Procesando el gráfico 20210414_temp.png.
[27/04/2021 09:14:25] power_data_plot_tools.py: Comenzando la preparación del gráfico /home/augusto/power-data/data/A2021/M04/D14/20210414_temp.png.
[27/04/2021 09:14:27] power_data_plot_tools.py: El gráfico /home/augusto/power-data/data/A2021/M04/D14/20210414_temp.png ha sido procesado.
[27/04/2021 09:14:27] power_data_processing_main.py: Procesando el gráfico 20210414_power.png.
[27/04/2021 09:14:27] power_data_plot_tools.py: Comenzando la preparación del gráfico /home/augusto/power-data/data/A2021/M04/D14/20210414_power.png.
[27/04/2021 09:14:28] power_data_plot_tools.py: El gráfico /home/augusto/power-data/data/A2021/M04/D14/20210414_power.png ha sido procesado.
[27/04/2021 09:14:28] power_data_processing_main.py: Procesando el gráfico 20210414_current.png.
[27/04/2021 09:14:28] power_data_plot_tools.py: Comenzando la preparación del gráfico /home/augusto/power-data/data/A2021/M04/D14/20210414_current.png.
[27/04/2021 09:14:30] power_data_plot_tools.py: El gráfico /home/augusto/power-data/data/A2021/M04/D14/20210414_current.png ha sido procesado.
[27/04/2021 09:14:30] power_data_processing_main.py: Procesando el gráfico 20210414_voltage.png.
[27/04/2021 09:14:30] power_data_plot_tools.py: Comenzando la preparación del gráfico /home/augusto/power-data/data/A2021/M04/D14/20210414_voltage.png.
[27/04/2021 09:14:31] power_data_plot_tools.py: El gráfico /home/augusto/power-data/data/A2021/M04/D14/20210414_voltage.png ha sido procesado.
[27/04/2021 09:14:31] power_data_processing_main.py: Procesando el gráfico 20210421_temp.png.
[27/04/2021 09:14:31] power_data_plot_tools.py: Comenzando la preparación del gráfico /home/augusto/power-data/data/A2021/M04/D21/20210421_temp.png.
[27/04/2021 09:14:32] power_data_plot_tools.py: El gráfico /home/augusto/power-data/data/A2021/M04/D21/20210421_temp.png ha sido procesado.
[27/04/2021 09:14:32] power_data_processing_main.py: Procesando el gráfico 20210421_power.png.
[27/04/2021 09:14:32] power_data_plot_tools.py: Comenzando la preparación del gráfico /home/augusto/power-data/data/A2021/M04/D21/20210421_power.png.
[27/04/2021 09:14:34] power_data_plot_tools.py: El gráfico /home/augusto/power-data/data/A2021/M04/D21/20210421_power.png ha sido procesado.
[27/04/2021 09:14:34] power_data_processing_main.py: Procesando el gráfico 20210421_current.png.
[27/04/2021 09:14:34] power_data_plot_tools.py: Comenzando la preparación del gráfico /home/augusto/power-data/data/A2021/M04/D21/20210421_current.png.
[27/04/2021 09:14:35] power_data_plot_tools.py: El gráfico /home/augusto/power-data/data/A2021/M04/D21/20210421_current.png ha sido procesado.
[27/04/2021 09:14:35] power_data_processing_main.py: Procesando el gráfico 20210421_voltage.png.
[27/04/2021 09:14:35] power_data_plot_tools.py: Comenzando la preparación del gráfico /home/augusto/power-data/data/A2021/M04/D21/20210421_voltage.png.
[27/04/2021 09:14:36] power_data_plot_tools.py: El gráfico /home/augusto/power-data/data/A2021/M04/D21/20210421_voltage.png ha sido procesado.
[27/04/2021 09:14:36] power_data_processing_main.py: Procesando el gráfico 20210422_temp.png.
[27/04/2021 09:14:36] power_data_plot_tools.py: Comenzando la preparación del gráfico /home/augusto/power-data/data/A2021/M04/D22/20210422_temp.png.
[27/04/2021 09:14:38] power_data_plot_tools.py: El gráfico /home/augusto/power-data/data/A2021/M04/D22/20210422_temp.png ha sido procesado.
[27/04/2021 09:14:38] power_data_processing_main.py: Procesando el gráfico 20210422_power.png.
[27/04/2021 09:14:38] power_data_plot_tools.py: Comenzando la preparación del gráfico /home/augusto/power-data/data/A2021/M04/D22/20210422_power.png.
[27/04/2021 09:14:40] power_data_plot_tools.py: El gráfico /home/augusto/power-data/data/A2021/M04/D22/20210422_power.png ha sido procesado.
[27/04/2021 09:14:40] power_data_processing_main.py: Procesando el gráfico 20210422_current.png.
[27/04/2021 09:14:40] power_data_plot_tools.py: Comenzando la preparación del gráfico /home/augusto/power-data/data/A2021/M04/D22/20210422_current.png.
[27/04/2021 09:14:41] power_data_plot_tools.py: El gráfico /home/augusto/power-data/data/A2021/M04/D22/20210422_current.png ha sido procesado.
[27/04/2021 09:14:41] power_data_processing_main.py: Procesando el gráfico 20210422_voltage.png.
[27/04/2021 09:14:41] power_data_plot_tools.py: Comenzando la preparación del gráfico /home/augusto/power-data/data/A2021/M04/D22/20210422_voltage.png.
[27/04/2021 09:14:43] power_data_plot_tools.py: El gráfico /home/augusto/power-data/data/A2021/M04/D22/20210422_voltage.png ha sido procesado.
[27/04/2021 09:14:43] power_data_processing_main.py: Procesando el gráfico 20210423_temp.png.
[27/04/2021 09:14:43] power_data_plot_tools.py: Comenzando la preparación del gráfico /home/augusto/power-data/data/A2021/M04/D23/20210423_temp.png.
[27/04/2021 09:14:44] power_data_plot_tools.py: El gráfico /home/augusto/power-data/data/A2021/M04/D23/20210423_temp.png ha sido procesado.
[27/04/2021 09:14:44] power_data_processing_main.py: Procesando el gráfico 20210423_power.png.
[27/04/2021 09:14:44] power_data_plot_tools.py: Comenzando la preparación del gráfico /home/augusto/power-data/data/A2021/M04/D23/20210423_power.png.
[27/04/2021 09:14:46] power_data_plot_tools.py: El gráfico /home/augusto/power-data/data/A2021/M04/D23/20210423_power.png ha sido procesado.
[27/04/2021 09:14:46] power_data_processing_main.py: Procesando el gráfico 20210423_current.png.
[27/04/2021 09:14:46] power_data_plot_tools.py: Comenzando la preparación del gráfico /home/augusto/power-data/data/A2021/M04/D23/20210423_current.png.
[27/04/2021 09:14:47] power_data_plot_tools.py: El gráfico /home/augusto/power-data/data/A2021/M04/D23/20210423_current.png ha sido procesado.
[27/04/2021 09:14:47] power_data_processing_main.py: Procesando el gráfico 20210423_voltage.png.
[27/04/2021 09:14:47] power_data_plot_tools.py: Comenzando la preparación del gráfico /home/augusto/power-data/data/A2021/M04/D23/20210423_voltage.png.
[27/04/2021 09:14:49] power_data_plot_tools.py: El gráfico /home/augusto/power-data/data/A2021/M04/D23/20210423_voltage.png ha sido procesado.
[27/04/2021 09:14:49] power_data_processing_main.py: Procesando el gráfico 20210426_temp.png.
[27/04/2021 09:14:49] power_data_plot_tools.py: Comenzando la preparación del gráfico /home/augusto/power-data/data/A2021/M04/D26/20210426_temp.png.
[27/04/2021 09:14:50] power_data_plot_tools.py: El gráfico /home/augusto/power-data/data/A2021/M04/D26/20210426_temp.png ha sido procesado.
[27/04/2021 09:14:50] power_data_processing_main.py: Procesando el gráfico 20210426_power.png.
[27/04/2021 09:14:50] power_data_plot_tools.py: Comenzando la preparación del gráfico /home/augusto/power-data/data/A2021/M04/D26/20210426_power.png.
[27/04/2021 09:14:51] power_data_plot_tools.py: El gráfico /home/augusto/power-data/data/A2021/M04/D26/20210426_power.png ha sido procesado.
[27/04/2021 09:14:51] power_data_processing_main.py: Procesando el gráfico 20210426_current.png.
[27/04/2021 09:14:51] power_data_plot_tools.py: Comenzando la preparación del gráfico /home/augusto/power-data/data/A2021/M04/D26/20210426_current.png.
[27/04/2021 09:14:52] power_data_plot_tools.py: El gráfico /home/augusto/power-data/data/A2021/M04/D26/20210426_current.png ha sido procesado.
[27/04/2021 09:14:52] power_data_processing_main.py: Procesando el gráfico 20210426_voltage.png.
[27/04/2021 09:14:52] power_data_plot_tools.py: Comenzando la preparación del gráfico /home/augusto/power-data/data/A2021/M04/D26/20210426_voltage.png.
[27/04/2021 09:14:53] power_data_plot_tools.py: El gráfico /home/augusto/power-data/data/A2021/M04/D26/20210426_voltage.png ha sido procesado.
[27/04/2021 09:14:53] power_data_processing_main.py: Procesando el gráfico 20210427_temp.png.
[27/04/2021 09:14:53] power_data_plot_tools.py: Comenzando la preparación del gráfico /home/augusto/power-data/data/A2021/M04/D27/20210427_temp.png.
[27/04/2021 09:14:54] power_data_plot_tools.py: El gráfico /home/augusto/power-data/data/A2021/M04/D27/20210427_temp.png ha sido procesado.
[27/04/2021 09:14:54] power_data_processing_main.py: Procesando el gráfico 20210427_power.png.
[27/04/2021 09:14:54] power_data_plot_tools.py: Comenzando la preparación del gráfico /home/augusto/power-data/data/A2021/M04/D27/20210427_power.png.
[27/04/2021 09:14:55] power_data_plot_tools.py: El gráfico /home/augusto/power-data/data/A2021/M04/D27/20210427_power.png ha sido procesado.
[27/04/2021 09:14:55] power_data_processing_main.py: Procesando el gráfico 20210427_current.png.
[27/04/2021 09:14:55] power_data_plot_tools.py: Comenzando la preparación del gráfico /home/augusto/power-data/data/A2021/M04/D27/20210427_current.png.
[27/04/2021 09:14:56] power_data_plot_tools.py: El gráfico /home/augusto/power-data/data/A2021/M04/D27/20210427_current.png ha sido procesado.
[27/04/2021 09:14:56] power_data_processing_main.py: Procesando el gráfico 20210427_voltage.png.
[27/04/2021 09:14:56] power_data_plot_tools.py: Comenzando la preparación del gráfico /home/augusto/power-data/data/A2021/M04/D27/20210427_voltage.png.
[27/04/2021 09:14:57] power_data_plot_tools.py: El gráfico /home/augusto/power-data/data/A2021/M04/D27/20210427_voltage.png ha sido procesado.
